game.clean : 
game.get : 
game.extract : game.get
base.get : 
base.extract : base.get
cross-dummy-strip.get : 
cross-dummy-strip.extract : cross-dummy-strip.get
host-pkg-config.get : pkg-config-0.25.tar.gz
host-pkg-config.extract : host-pkg-config.get
host-pkg-config.extract.post : host-pkg-config.extract
host-pkg-config.prepare : host-pkg-config.extract.post
host-pkg-config.compile : host-pkg-config.prepare
host-pkg-config.install : host-pkg-config.compile
host-pkg-config.install.pack : host-pkg-config.install
host-pkg-config.install.post : host-pkg-config.install.pack
virtual-host-tools.install : host-pkg-config.install.post
cross-dummy-strip.extract.post : virtual-host-tools.install
cross-dummy-strip.prepare : cross-dummy-strip.extract.post
cross-dummy-strip.compile : cross-dummy-strip.prepare
cross-dummy-strip.install : cross-dummy-strip.compile
cross-dummy-strip.install.pack : cross-dummy-strip.install
cross-dummy-strip.install.post : cross-dummy-strip.install.pack
host-fakeroot.get : fakeroot_1.14.4.orig.tar.bz2
host-fakeroot.extract : host-fakeroot.get
host-acl.get : acl-2.2.49.src.tar.gz
host-acl.extract : host-acl.get
host-attr.get : attr-2.4.46.src.tar.gz
host-attr.extract : host-attr.get
host-attr.extract.post : virtual-host-tools.install
host-attr.prepare : host-attr.extract.post
host-attr.compile : host-attr.prepare
host-attr.install : host-attr.compile
host-attr.install.pack : host-attr.install
host-attr.install.post : host-attr.install.pack
host-acl.extract.post : virtual-host-tools.install
host-acl.prepare : host-acl.extract.post
host-acl.compile : host-acl.prepare
host-acl.install : host-acl.compile
host-acl.install.pack : host-acl.install
host-acl.install.post : host-acl.install.pack
host-fakeroot.extract.post : virtual-host-tools.install
host-fakeroot.prepare : host-fakeroot.extract.post
host-fakeroot.compile : host-fakeroot.prepare
host-fakeroot.install : host-fakeroot.compile
host-fakeroot.install.pack : host-fakeroot.install
host-fakeroot.install.post : host-fakeroot.install.pack
host-ipkg-utils.get : ipkg-utils-050831.tar.gz
host-ipkg-utils.extract : host-ipkg-utils.get
host-ipkg-utils.extract.post : virtual-host-tools.install
host-ipkg-utils.prepare : host-ipkg-utils.extract.post
host-ipkg-utils.compile : host-ipkg-utils.prepare
host-ipkg-utils.install : host-ipkg-utils.compile
host-ipkg-utils.install.pack : host-ipkg-utils.install
host-ipkg-utils.install.post : host-ipkg-utils.install.pack
cross-pkg-config-wrapper.get : 
cross-pkg-config-wrapper.extract : cross-pkg-config-wrapper.get
cross-pkg-config-wrapper.extract.post : virtual-host-tools.install
cross-pkg-config-wrapper.prepare : cross-pkg-config-wrapper.extract.post
cross-pkg-config-wrapper.compile : cross-pkg-config-wrapper.prepare
cross-pkg-config-wrapper.install : cross-pkg-config-wrapper.compile
cross-pkg-config-wrapper.install.pack : cross-pkg-config-wrapper.install
cross-pkg-config-wrapper.install.post : cross-pkg-config-wrapper.install.pack
virtual-cross-tools.install : cross-pkg-config-wrapper.install.post
base.extract.post : virtual-cross-tools.install
base.prepare : base.extract.post
base.compile : base.prepare
base.install : base.compile
game.extract.post : base.install
game.prepare : game.extract.post
game.compile : game.prepare
game.clean : 
game.get : 
game.extract : game.get
game.extract.post : base.install
game.prepare : game.extract.post
game.compile : game.prepare
game.clean : 
game.get : 
game.extract : game.get
game.extract.post : base.install
game.prepare : game.extract.post
game.compile : game.prepare
game.clean : 
game.get : 
game.extract : game.get
game.extract.post : base.install
game.prepare : game.extract.post
game.compile : game.prepare
game.clean : 
game.get : 
game.extract : game.get
game.extract.post : base.install
game.prepare : game.extract.post
game.compile : game.prepare
game.clean : 
game.get : 
game.extract : game.get
game.extract.post : base.install
game.prepare : game.extract.post
game.compile : game.prepare
game.clean : 
game.get : 
game.extract : game.get
game.extract.post : base.install
game.prepare : game.extract.post
game.compile : game.prepare
game.clean : 
game.get : 
game.extract : game.get
game.extract.post : base.install
game.prepare : game.extract.post
game.compile : game.prepare
game.compile : game.prepare
game.clean : 
game.get : 
game.extract : game.get
game.extract.post : base.install
game.prepare : game.extract.post
game.compile : game.prepare
game.compile : game.prepare
game.compile : game.prepare
game.compile : game.prepare
game.compile : game.prepare
game.compile : game.prepare
game.compile : game.prepare
game.compile : game.prepare
game.clean : 
game.get : 
game.extract : game.get
game.extract.post : base.install
game.prepare : game.extract.post
game.compile : game.prepare
game.compile : game.prepare
game.compile : game.prepare
game.compile : game.prepare
game.compile : game.prepare
game.compile : game.prepare
game.compile : game.prepare
game.compile : game.prepare
game.compile : game.prepare
game.compile : game.prepare
game.compile : game.prepare
game.compile : game.prepare
game.clean : 
game.get : 
game.extract : game.get
game.extract.post : base.install
game.prepare : game.extract.post
game.compile : game.prepare
game.compile : game.prepare
game.compile : game.prepare
game.compile : game.prepare
game.compile : game.prepare
game.compile : game.prepare
game.compile : game.prepare
game.compile : game.prepare
